#
# There is insufficient memory for the Java Runtime Environment to continue.
# Native memory allocation (malloc) failed to allocate 368656 bytes for Chunk::new
# Possible reasons:
#   The system is out of physical RAM or swap space
#   The process is running with CompressedOops enabled, and the Java Heap may be blocking the growth of the native heap
# Possible solutions:
#   Reduce memory load on the system
#   Increase physical memory or swap space
#   Check if swap backing store is full
#   Decrease Java heap size (-Xmx/-Xms)
#   Decrease number of Java threads
#   Decrease Java thread stack sizes (-Xss)
#   Set larger code cache with -XX:ReservedCodeCacheSize=
#   JVM is running with Unscaled Compressed Oops mode in which the Java heap is
#     placed in the first 4GB address space. The Java Heap base address is the
#     maximum limit for the native heap growth. Please use -XX:HeapBaseMinAddress
#     to set the Java Heap base and to place the Java Heap above 4GB virtual address.
# This output file may be truncated or incomplete.
#
#  Out of Memory Error (./src/hotspot/share/memory/arena.cpp:197), pid=11092, tid=880
#
# JRE version:  (11.0.12+7) (build )
# Java VM: OpenJDK 64-Bit Server VM (11.0.12+7-b1504.40, mixed mode, tiered, compressed oops, g1 gc, windows-amd64)
# No core dump will be written. Minidumps are not enabled by default on client versions of Windows
#

---------------  S U M M A R Y ------------

Command Line: -javaagent:C:\Program Files\JetBrains\IntelliJ IDEA Community Edition 2021.2.3\lib\idea_rt.jar=49422:C:\Program Files\JetBrains\IntelliJ IDEA Community Edition 2021.2.3\bin -Dfile.encoding=UTF-8 com.gestao.mimoso.MimosoApplication

Host: Intel(R) Core(TM) i3-3110M CPU @ 2.40GHz, 4 cores, 3G,  Windows 10 , 64 bit Build 16299 (10.0.16299.15)
Time: Mon Sep 26 16:07:27 2022 Hora oficial do Brasil elapsed time: 2.252567 seconds (0d 0h 0m 2s)

---------------  T H R E A D  ---------------

Current thread (0x000002251c569800):  JavaThread "Unknown thread" [_thread_in_vm, id=880, stack(0x000000d302b00000,0x000000d302c00000)]

Stack: [0x000000d302b00000,0x000000d302c00000]
Native frames: (J=compiled Java code, j=interpreted, Vv=VM code, C=native code)
V  [jvm.dll+0x5ff40a]
V  [jvm.dll+0x783b65]
V  [jvm.dll+0x78517d]
V  [jvm.dll+0x785833]
V  [jvm.dll+0x249408]
V  [jvm.dll+0xc12ac]
V  [jvm.dll+0xc0fe3]
V  [jvm.dll+0x717903]
V  [jvm.dll+0x7638a2]
V  [jvm.dll+0x362ab9]
V  [jvm.dll+0x7455be]
V  [jvm.dll+0x3cb673]
V  [jvm.dll+0x3cda21]
C  [jli.dll+0x536b]
C  [ucrtbase.dll+0x1d885]
C  [KERNEL32.DLL+0x11fe4]
C  [ntdll.dll+0x6efb1]


---------------  P R O C E S S  ---------------

Threads class SMR info:
_java_thread_list=0x000002251c375600, length=0, elements={
}

Java Threads: ( => current thread )

Other Threads:
  0x000002251c583800 GCTaskThread "GC Thread#0" [stack: 0x000000d302c00000,0x000000d302d00000] [id=14168]
  0x000002251c59f000 ConcurrentGCThread "G1 Main Marker" [stack: 0x000000d302d00000,0x000000d302e00000] [id=12468]
  0x000002251c5a1000 ConcurrentGCThread "G1 Conc#0" [stack: 0x000000d302e00000,0x000000d302f00000] [id=6344]
  0x000002251c5eb800 ConcurrentGCThread "G1 Refine#0" [stack: 0x000000d302f00000,0x000000d303000000] [id=5644]
  0x000002251c5ec800 ConcurrentGCThread "G1 Young RemSet Sampling" [stack: 0x000000d303000000,0x000000d303100000] [id=10980]

=>0x000002251c569800 (exited) JavaThread "Unknown thread" [_thread_in_vm, id=880, stack(0x000000d302b00000,0x000000d302c00000)]

Threads with active compile tasks:

VM state:not at safepoint (not fully initialized)

VM Mutex/Monitor currently owned by a thread: None

Heap address: 0x00000000c2600000, size: 986 MB, Compressed Oops mode: 32-bit
Narrow klass base: 0x0000000000000000, Narrow klass shift: 3
Compressed class space size: 1073741824 Address: 0x0000000100000000

GC Heap History (0 events):
No events

Deoptimization events (0 events):
No events

Classes redefined (0 events):
No events

Internal exceptions (0 events):
No events

Events (1 events):
Event: 1.912 Loaded shared library C:\Program Files\JetBrains\IntelliJ IDEA Community Edition 2021.2.3\jbr\bin\zip.dll


Dynamic libraries:
0x00007ff74a9d0000 - 0x00007ff74a9da000 	C:\Program Files\JetBrains\IntelliJ IDEA Community Edition 2021.2.3\jbr\bin\java.exe
0x00007ff92bae0000 - 0x00007ff92bcc0000 	C:\Windows\SYSTEM32\ntdll.dll
0x00007ff92ba00000 - 0x00007ff92baae000 	C:\Windows\System32\KERNEL32.DLL
0x00007ff928320000 - 0x00007ff928586000 	C:\Windows\System32\KERNELBASE.dll
0x00007ff927ee0000 - 0x00007ff927fd6000 	C:\Windows\System32\ucrtbase.dll
0x00007ff9220e0000 - 0x00007ff9220f7000 	C:\Program Files\JetBrains\IntelliJ IDEA Community Edition 2021.2.3\jbr\bin\VCRUNTIME140.dll
0x00007ff922c90000 - 0x00007ff922ca9000 	C:\Program Files\JetBrains\IntelliJ IDEA Community Edition 2021.2.3\jbr\bin\jli.dll
0x00007ff92b7f0000 - 0x00007ff92b97f000 	C:\Windows\System32\USER32.dll
0x00007ff928280000 - 0x00007ff9282a0000 	C:\Windows\System32\win32u.dll
0x00007ff919240000 - 0x00007ff9194a9000 	C:\Windows\WinSxS\amd64_microsoft.windows.common-controls_6595b64144ccf1df_6.0.16299.192_none_15c8cdae9364c23b\COMCTL32.dll
0x00007ff9294a0000 - 0x00007ff9294c8000 	C:\Windows\System32\GDI32.dll
0x00007ff929c70000 - 0x00007ff929d0d000 	C:\Windows\System32\msvcrt.dll
0x00007ff928080000 - 0x00007ff928213000 	C:\Windows\System32\gdi32full.dll
0x00007ff927fe0000 - 0x00007ff92807b000 	C:\Windows\System32\msvcp_win.dll
0x00007ff929f50000 - 0x00007ff92a258000 	C:\Windows\System32\combase.dll
0x00007ff929e30000 - 0x00007ff929f4f000 	C:\Windows\System32\RPCRT4.dll
0x00007ff9282a0000 - 0x00007ff928312000 	C:\Windows\System32\bcryptPrimitives.dll
0x00007ff929aa0000 - 0x00007ff929acd000 	C:\Windows\System32\IMM32.DLL
0x00007ff900640000 - 0x00007ff9006dd000 	C:\Program Files\JetBrains\IntelliJ IDEA Community Edition 2021.2.3\jbr\bin\msvcp140.dll
0x00007ff8eb6c0000 - 0x00007ff8ec218000 	C:\Program Files\JetBrains\IntelliJ IDEA Community Edition 2021.2.3\jbr\bin\server\jvm.dll
0x00007ff929820000 - 0x00007ff9298c1000 	C:\Windows\System32\ADVAPI32.dll
0x00007ff929d20000 - 0x00007ff929d7b000 	C:\Windows\System32\sechost.dll
0x00007ff929460000 - 0x00007ff929468000 	C:\Windows\System32\PSAPI.DLL
0x00007ff920530000 - 0x00007ff920539000 	C:\Windows\SYSTEM32\WSOCK32.dll
0x00007ff925df0000 - 0x00007ff925e13000 	C:\Windows\SYSTEM32\WINMM.dll
0x00007ff91a820000 - 0x00007ff91a82a000 	C:\Windows\SYSTEM32\VERSION.dll
0x00007ff9294d0000 - 0x00007ff92953c000 	C:\Windows\System32\WS2_32.dll
0x00007ff925d90000 - 0x00007ff925dba000 	C:\Windows\SYSTEM32\WINMMBASE.dll
0x00007ff928640000 - 0x00007ff92868a000 	C:\Windows\System32\cfgmgr32.dll
0x00007ff927ea0000 - 0x00007ff927eb1000 	C:\Windows\System32\kernel.appcore.dll
0x00007ff924c20000 - 0x00007ff924c31000 	C:\Program Files\JetBrains\IntelliJ IDEA Community Edition 2021.2.3\jbr\bin\verify.dll
0x00007ff9165a0000 - 0x00007ff916768000 	C:\Windows\SYSTEM32\DBGHELP.DLL
0x00007ff916430000 - 0x00007ff916459000 	C:\Windows\SYSTEM32\dbgcore.DLL
0x00007ff922320000 - 0x00007ff922349000 	C:\Program Files\JetBrains\IntelliJ IDEA Community Edition 2021.2.3\jbr\bin\java.dll
0x00007ff924bf0000 - 0x00007ff924bfb000 	C:\Program Files\JetBrains\IntelliJ IDEA Community Edition 2021.2.3\jbr\bin\jimage.dll
0x00007ff922cb0000 - 0x00007ff922cbf000 	C:\Program Files\JetBrains\IntelliJ IDEA Community Edition 2021.2.3\jbr\bin\instrument.dll
0x00007ff922e10000 - 0x00007ff922e28000 	C:\Program Files\JetBrains\IntelliJ IDEA Community Edition 2021.2.3\jbr\bin\zip.dll

dbghelp: loaded successfully - version: 4.0.5 - missing functions: none
symbol engine: initialized successfully - sym options: 0x614 - pdb path: .;C:\Program Files\JetBrains\IntelliJ IDEA Community Edition 2021.2.3\jbr\bin;C:\Windows\SYSTEM32;C:\Windows\WinSxS\amd64_microsoft.windows.common-controls_6595b64144ccf1df_6.0.16299.192_none_15c8cdae9364c23b;C:\Program Files\JetBrains\IntelliJ IDEA Community Edition 2021.2.3\jbr\bin\server

VM Arguments:
jvm_args: -javaagent:C:\Program Files\JetBrains\IntelliJ IDEA Community Edition 2021.2.3\lib\idea_rt.jar=49422:C:\Program Files\JetBrains\IntelliJ IDEA Community Edition 2021.2.3\bin -Dfile.encoding=UTF-8 
java_command: com.gestao.mimoso.MimosoApplication
java_class_path (initial): C:\Users\Claudio\Desktop\mimoso\target\classes;C:\Users\Claudio\.m2\repository\org\springframework\boot\spring-boot-starter-data-jdbc\2.7.3\spring-boot-starter-data-jdbc-2.7.3.jar;C:\Users\Claudio\.m2\repository\org\springframework\boot\spring-boot-starter-jdbc\2.7.3\spring-boot-starter-jdbc-2.7.3.jar;C:\Users\Claudio\.m2\repository\com\zaxxer\HikariCP\4.0.3\HikariCP-4.0.3.jar;C:\Users\Claudio\.m2\repository\org\springframework\spring-jdbc\5.3.22\spring-jdbc-5.3.22.jar;C:\Users\Claudio\.m2\repository\org\springframework\data\spring-data-jdbc\2.4.2\spring-data-jdbc-2.4.2.jar;C:\Users\Claudio\.m2\repository\org\springframework\data\spring-data-relational\2.4.2\spring-data-relational-2.4.2.jar;C:\Users\Claudio\.m2\repository\org\springframework\data\spring-data-commons\2.7.2\spring-data-commons-2.7.2.jar;C:\Users\Claudio\.m2\repository\org\springframework\spring-tx\5.3.22\spring-tx-5.3.22.jar;C:\Users\Claudio\.m2\repository\org\springframework\spring-context\5.3.22\spring-context-5.3.22.jar;C:\Users\Claudio\.m2\repository\org\springframework\spring-beans\5.3.22\spring-beans-5.3.22.jar;C:\Users\Claudio\.m2\repository\org\slf4j\slf4j-api\1.7.36\slf4j-api-1.7.36.jar;C:\Users\Claudio\.m2\repository\org\springframework\boot\spring-boot-starter-data-jpa\2.7.3\spring-boot-starter-data-jpa-2.7.3.jar;C:\Users\Claudio\.m2\repository\org\springframework\boot\spring-boot-starter-aop\2.7.3\spring-boot-starter-aop-2.7.3.jar;C:\Users\Claudio\.m2\repository\org\aspectj\aspectjweaver\1.9.7\aspectjweaver-1.9.7.jar;C:\Users\Claudio\.m2\repository\jakarta\transaction\jakarta.transaction-api\1.3.3\jakarta.transaction-api-1.3.3.jar;C:\Users\Claudio\.m2\repository\jakarta\persistence\jakarta.persistence-api\2.2.3\jakarta.persistence-api-2.2.3.jar;C:\Users\Claudio\.m2\repository\org\hibernate\hibernate-core\5.6.10.Final\hibernate-core-5.6.10.Final.jar;C:\Users\Claudio\.m2\repository\org\jboss\logging\jboss-logging\3.4.3.Final\jboss-logging-3.4.3.Final.jar;C:\Users
Launcher Type: SUN_STANDARD

[Global flags]
     intx CICompilerCount                          = 3                                         {product} {ergonomic}
     uint ConcGCThreads                            = 1                                         {product} {ergonomic}
     uint G1ConcRefinementThreads                  = 4                                         {product} {ergonomic}
   size_t G1HeapRegionSize                         = 1048576                                   {product} {ergonomic}
    uintx GCDrainStackTargetSize                   = 64                                        {product} {ergonomic}
   size_t InitialHeapSize                          = 65011712                                  {product} {ergonomic}
   size_t MarkStackSize                            = 4194304                                   {product} {ergonomic}
   size_t MaxHeapSize                              = 1033895936                                {product} {ergonomic}
   size_t MaxNewSize                               = 619708416                                 {product} {ergonomic}
   size_t MinHeapDeltaBytes                        = 1048576                                   {product} {ergonomic}
    uintx NonNMethodCodeHeapSize                   = 5830732                                {pd product} {ergonomic}
    uintx NonProfiledCodeHeapSize                  = 122913754                              {pd product} {ergonomic}
    uintx ProfiledCodeHeapSize                     = 122913754                              {pd product} {ergonomic}
    uintx ReservedCodeCacheSize                    = 251658240                              {pd product} {ergonomic}
     bool SegmentedCodeCache                       = true                                      {product} {ergonomic}
     bool UseCompressedClassPointers               = true                                 {lp64_product} {ergonomic}
     bool UseCompressedOops                        = true                                 {lp64_product} {ergonomic}
     bool UseG1GC                                  = true                                      {product} {ergonomic}
     bool UseLargePagesIndividualAllocation        = false                                  {pd product} {ergonomic}

Logging:
Log output configuration:
 #0: stdout all=warning uptime,level,tags
 #1: stderr all=off uptime,level,tags

Environment Variables:
JAVA_HOME=C:\Program Files\Java\jdk-15
PATH=C:\Program Files\Common Files\Oracle\Java\javapath;C:\ProgramData\Oracle\Java\javapath;C:\Program Files\Java\jdk-15;C:\Program Files (x86)\Common Files\Intel\Shared Files\cpp\bin\Intel64;C:\Windows\system32;C:\Windows;C:\Windows\System32\Wbem;C:\Windows\System32\WindowsPowerShell\v1.0\;C:\Program Files\Microsoft SQL Server\120\Tools\Binn\;C:\Program Files\Microsoft SQL Server\130\Tools\Binn\;C:\xampp2\php;C:\wamp64\bin\php\php5.6.40;C:\Program Files\Git\cmd;C:\xampp\php;C:\ProgramData\ComposerSetup\bin;C:\Program Files\Java\jdk-15\bin;C:\Program Files\nodejs\;C:\Ruby31-x64\bin;C:\Users\Claudio\AppData\Local\Microsoft\WindowsApps;C:\Users\Claudio\AppData\Local\Programs\Microsoft VS Code\bin;C:\Program Files\Java\jdk-15;C:\Program Files\Java\jdk-15bin;C:\Users\Claudio\AppData\Roaming\Composer\vendor\bin;C:\Program Files\JetBrains\IntelliJ IDEA Community Edition 2021.2.3\bin;;C:\maven;C:\mavenbin;C:\Users\Claudio\AppData\Roaming\npm
USERNAME=Claudio
OS=Windows_NT
PROCESSOR_IDENTIFIER=Intel64 Family 6 Model 58 Stepping 9, GenuineIntel



---------------  S Y S T E M  ---------------

OS: Windows 10 , 64 bit Build 16299 (10.0.16299.15)
OS uptime: 0 days 23:28 hours

CPU:total 4 (initial active 4) (2 cores per cpu, 2 threads per core) family 6 model 58 stepping 9 microcode 0x1b, cmov, cx8, fxsr, mmx, sse, sse2, sse3, ssse3, sse4.1, sse4.2, popcnt, avx, clmul, erms, ht, tsc, tscinvbit, tscinv

Memory: 4k page, system-wide physical 3943M (399M free)
TotalPageFile size 10966M (AvailPageFile size 0M)
current process WorkingSet (physical memory assigned to process): 13M, peak: 13M
current process commit charge ("private bytes"): 116M, peak: 117M

vm_info: OpenJDK 64-Bit Server VM (11.0.12+7-b1504.40) for windows-amd64 JRE (11.0.12+7-b1504.40), built on Sep 23 2021 14:38:03 by "" with MS VC++ 14.0 (VS2015)

END.
